**********************
PowerShell transcript start
Start time: 20250528104427
Username: SERPRO\S056558027
RunAs User: SERPRO\S056558027
Configuration Name: 
Machine: SERPRO-2008350 (Microsoft Windows NT 10.0.22631.0)
Host Application: C:\Program Files\PowerShell\7\pwsh.dll -NoProfile -ExecutionPolicy Bypass -Command Import-Module 'c:\Users\s056558027\.vscode\extensions\ms-vscode.powershell-2025.0.0\modules\PowerShellEditorServices\PowerShellEditorServices.psd1'; Start-EditorServices -HostName 'Visual Studio Code Host' -HostProfileId 'Microsoft.VSCode' -HostVersion '2025.0.0' -BundledModulesPath 'c:\Users\s056558027\.vscode\extensions\ms-vscode.powershell-2025.0.0\modules' -EnableConsoleRepl -StartupBanner "PowerShell Extension v2025.0.0
Copyright (c) Microsoft Corporation.

https://aka.ms/vscode-powershell
Type 'help' to get help.
" -LogLevel 'Warning' -LogPath 'c:\Users\s056558027\AppData\Roaming\Code\logs\20250528T104048\window1\exthost\ms-vscode.powershell' -SessionDetailsPath 'c:\Users\s056558027\AppData\Roaming\Code\User\globalStorage\ms-vscode.powershell\sessions\PSES-VSCode-21740-995148.json' -FeatureFlags @() 
Process ID: 16012
PSVersion: 7.5.1
PSEdition: Core
GitCommitId: 7.5.1
OS: Microsoft Windows 10.0.22631
Platform: Win32NT
PSCompatibleVersions: 1.0, 2.0, 3.0, 4.0, 5.0, 5.1, 6.0, 7.0
PSRemotingProtocolVersion: 2.3
SerializationVersion: 1.1.0.1
WSManStackVersion: 3.0
**********************
Transcript started, output file is C:\Users\s056558027\Documents\SERPRO_DVLP\consignacao_semantica\GIT\scripts\2_PDFs\docling_env_setup.log
[INFO] Projeto: C:\Users\s056558027\Documents\SERPRO_DVLP\consignacao_semantica\GIT\scripts\2_PDFs
[INFO] Venv:     C:\Users\s056558027\Documents\SERPRO_DVLP\consignacao_semantica\docling_env
[INFO] Usando ambiente existente
[INFO] Ativando ambiente virtual...
[INFO] Pulando atualização e instalação de dependências
[INFO] Verificando versões instaladas...
numpy 1.26.4
docling 2.34.0
tensorflow 2.19.0
[INFO] Executando script de conversão...
Nenhum PDF encontrado em C:\Users\s056558027\Documents\SERPRO_DVLP\consignacao_semantica\FILES\organizado\boletim de ocorrencia
[INFO] Processo concluído com sucesso.
**********************
PowerShell transcript end
End time: 20250528104606
**********************
