**********************
PowerShell transcript start
Start time: 20250527123815
Username: SERPRO\S056558027
RunAs User: SERPRO\S056558027
Configuration Name: 
Machine: SERPRO-2008350 (Microsoft Windows NT 10.0.22631.0)
Host Application: C:\Program Files\PowerShell\7\pwsh.dll -NoProfile -ExecutionPolicy Bypass -Command Import-Module 'c:\Users\s056558027\.vscode\extensions\ms-vscode.powershell-2025.0.0\modules\PowerShellEditorServices\PowerShellEditorServices.psd1'; Start-EditorServices -HostName 'Visual Studio Code Host' -HostProfileId 'Microsoft.VSCode' -HostVersion '2025.0.0' -BundledModulesPath 'c:\Users\s056558027\.vscode\extensions\ms-vscode.powershell-2025.0.0\modules' -EnableConsoleRepl -StartupBanner "PowerShell Extension v2025.0.0
Copyright (c) Microsoft Corporation.

https://aka.ms/vscode-powershell
Type 'help' to get help.
" -LogLevel 'Warning' -LogPath 'c:\Users\s056558027\AppData\Roaming\Code\logs\20250527T113419\window1\exthost\ms-vscode.powershell' -SessionDetailsPath 'c:\Users\s056558027\AppData\Roaming\Code\User\globalStorage\ms-vscode.powershell\sessions\PSES-VSCode-23296-849603.json' -FeatureFlags @() 
Process ID: 21424
PSVersion: 7.5.1
PSEdition: Core
GitCommitId: 7.5.1
OS: Microsoft Windows 10.0.22631
Platform: Win32NT
PSCompatibleVersions: 1.0, 2.0, 3.0, 4.0, 5.0, 5.1, 6.0, 7.0
PSRemotingProtocolVersion: 2.3
SerializationVersion: 1.1.0.1
WSManStackVersion: 3.0
**********************
Transcript started, output file is C:\Users\s056558027\Documents\SERPRO_DVLP\consignacao_semantica\scripts\docling_env_setup.log
[INFO] Projeto: C:\Users\s056558027\Documents\SERPRO_DVLP\consignacao_semantica\scripts
[INFO] Venv:     C:\Users\s056558027\Documents\SERPRO_DVLP\consignacao_semantica\scripts\docling_env
[INFO] Criando ambiente virtual em C:\Users\s056558027\Documents\SERPRO_DVLP\consignacao_semantica\scripts\docling_env...
[INFO] Ativando ambiente virtual...
[INFO] Atualizando pip...
Requirement already satisfied: pip in c:\users\s056558027\documents\serpro_dvlp\consignacao_semantica\scripts\docling_env\lib\site-packages (23.0.1)
Collecting pip
  Using cached pip-25.1.1-py3-none-any.whl (1.8 MB)
Installing collected packages: pip
  Attempting uninstall: pip
    Found existing installation: pip 23.0.1
    Uninstalling pip-23.0.1:
      Successfully uninstalled pip-23.0.1
Successfully installed pip-25.1.1
[INFO] Instalando NumPy <2.0...
Collecting numpy<2
  Using cached numpy-1.26.4-cp310-cp310-win_amd64.whl.metadata (61 kB)
Using cached numpy-1.26.4-cp310-cp310-win_amd64.whl (15.8 MB)
Installing collected packages: numpy
Successfully installed numpy-1.26.4
[INFO] Instalando/reinstalando docling...
Collecting docling
  Using cached docling-2.34.0-py3-none-any.whl.metadata (10 kB)
Collecting beautifulsoup4<5.0.0,>=4.12.3 (from docling)
  Using cached beautifulsoup4-4.13.4-py3-none-any.whl.metadata (3.8 kB)
Collecting certifi>=2024.7.4 (from docling)
  Using cached certifi-2025.4.26-py3-none-any.whl.metadata (2.5 kB)
Collecting click<8.2.0 (from docling)
  Using cached click-8.1.8-py3-none-any.whl.metadata (2.3 kB)
Collecting docling-core<3.0.0,>=2.29.0 (from docling-core[chunking]<3.0.0,>=2.29.0->docling)
  Using cached docling_core-2.32.0-py3-none-any.whl.metadata (6.0 kB)
Collecting docling-ibm-models<4.0.0,>=3.4.0 (from docling)
  Using cached docling_ibm_models-3.4.3-py3-none-any.whl.metadata (7.6 kB)
Collecting docling-parse<5.0.0,>=4.0.0 (from docling)
  Using cached docling_parse-4.0.1-cp310-cp310-win_amd64.whl.metadata (9.6 kB)
Collecting easyocr<2.0,>=1.7 (from docling)
  Using cached easyocr-1.7.2-py3-none-any.whl.metadata (10 kB)
Collecting filetype<2.0.0,>=1.2.0 (from docling)
  Using cached filetype-1.2.0-py2.py3-none-any.whl.metadata (6.5 kB)
Collecting huggingface_hub<1,>=0.23 (from docling)
  Using cached huggingface_hub-0.32.2-py3-none-any.whl.metadata (14 kB)
Collecting lxml<6.0.0,>=4.0.0 (from docling)
  Using cached lxml-5.4.0-cp310-cp310-win_amd64.whl.metadata (3.6 kB)
Collecting marko<3.0.0,>=2.1.2 (from docling)
  Using cached marko-2.1.3-py3-none-any.whl.metadata (4.5 kB)
Collecting openpyxl<4.0.0,>=3.1.5 (from docling)
  Using cached openpyxl-3.1.5-py2.py3-none-any.whl.metadata (2.5 kB)
Collecting pandas<3.0.0,>=2.1.4 (from docling)
  Using cached pandas-2.2.3-cp310-cp310-win_amd64.whl.metadata (19 kB)
Collecting pillow<12.0.0,>=10.0.0 (from docling)
  Using cached pillow-11.2.1-cp310-cp310-win_amd64.whl.metadata (9.1 kB)
Collecting pluggy<2.0.0,>=1.0.0 (from docling)
  Using cached pluggy-1.6.0-py3-none-any.whl.metadata (4.8 kB)
Collecting pydantic<3.0.0,>=2.0.0 (from docling)
  Using cached pydantic-2.11.5-py3-none-any.whl.metadata (67 kB)
Collecting pydantic-settings<3.0.0,>=2.3.0 (from docling)
  Using cached pydantic_settings-2.9.1-py3-none-any.whl.metadata (3.8 kB)
Collecting pylatexenc<3.0,>=2.10 (from docling)
  Using cached pylatexenc-2.10-py3-none-any.whl
Collecting pypdfium2<5.0.0,>=4.30.0 (from docling)
  Using cached pypdfium2-4.30.1-py3-none-win_amd64.whl.metadata (48 kB)
Collecting python-docx<2.0.0,>=1.1.2 (from docling)
  Using cached python_docx-1.1.2-py3-none-any.whl.metadata (2.0 kB)
Collecting python-pptx<2.0.0,>=1.0.2 (from docling)
  Using cached python_pptx-1.0.2-py3-none-any.whl.metadata (2.5 kB)
Collecting requests<3.0.0,>=2.32.2 (from docling)
  Using cached requests-2.32.3-py3-none-any.whl.metadata (4.6 kB)
Collecting rtree<2.0.0,>=1.3.0 (from docling)
  Using cached rtree-1.4.0-py3-none-win_amd64.whl.metadata (2.1 kB)
Collecting scipy<2.0.0,>=1.6.0 (from docling)
  Using cached scipy-1.15.3-cp310-cp310-win_amd64.whl.metadata (60 kB)
Collecting tqdm<5.0.0,>=4.65.0 (from docling)
  Using cached tqdm-4.67.1-py3-none-any.whl.metadata (57 kB)
Collecting typer<0.16.0,>=0.12.5 (from docling)
  Using cached typer-0.15.4-py3-none-any.whl.metadata (15 kB)
Collecting soupsieve>1.2 (from beautifulsoup4<5.0.0,>=4.12.3->docling)
  Using cached soupsieve-2.7-py3-none-any.whl.metadata (4.6 kB)
Collecting typing-extensions>=4.0.0 (from beautifulsoup4<5.0.0,>=4.12.3->docling)
  Using cached typing_extensions-4.13.2-py3-none-any.whl.metadata (3.0 kB)
Collecting colorama (from click<8.2.0->docling)
  Using cached colorama-0.4.6-py2.py3-none-any.whl.metadata (17 kB)
Collecting jsonref<2.0.0,>=1.1.0 (from docling-core<3.0.0,>=2.29.0->docling-core[chunking]<3.0.0,>=2.29.0->docling)
  Using cached jsonref-1.1.0-py3-none-any.whl.metadata (2.7 kB)
Collecting jsonschema<5.0.0,>=4.16.0 (from docling-core<3.0.0,>=2.29.0->docling-core[chunking]<3.0.0,>=2.29.0->docling)
  Using cached jsonschema-4.24.0-py3-none-any.whl.metadata (7.8 kB)
Collecting latex2mathml<4.0.0,>=3.77.0 (from docling-core<3.0.0,>=2.29.0->docling-core[chunking]<3.0.0,>=2.29.0->docling)
  Using cached latex2mathml-3.78.0-py3-none-any.whl.metadata (14 kB)
Collecting pyyaml<7.0.0,>=5.1 (from docling-core<3.0.0,>=2.29.0->docling-core[chunking]<3.0.0,>=2.29.0->docling)
  Using cached PyYAML-6.0.2-cp310-cp310-win_amd64.whl.metadata (2.1 kB)
Collecting tabulate<0.10.0,>=0.9.0 (from docling-core<3.0.0,>=2.29.0->docling-core[chunking]<3.0.0,>=2.29.0->docling)
  Using cached tabulate-0.9.0-py3-none-any.whl.metadata (34 kB)
Collecting semchunk<3.0.0,>=2.2.0 (from docling-core[chunking]<3.0.0,>=2.29.0->docling)
  Using cached semchunk-2.2.2-py3-none-any.whl.metadata (10 kB)
Collecting transformers<5.0.0,>=4.34.0 (from docling-core[chunking]<3.0.0,>=2.29.0->docling)
  Using cached transformers-4.52.3-py3-none-any.whl.metadata (40 kB)
Collecting jsonlines<4.0.0,>=3.1.0 (from docling-ibm-models<4.0.0,>=3.4.0->docling)
  Using cached jsonlines-3.1.0-py3-none-any.whl.metadata (1.7 kB)
Collecting numpy<3.0.0,>=1.24.4 (from docling-ibm-models<4.0.0,>=3.4.0->docling)
  Using cached numpy-2.2.6-cp310-cp310-win_amd64.whl.metadata (60 kB)
Collecting opencv-python-headless<5.0.0.0,>=4.6.0.66 (from docling-ibm-models<4.0.0,>=3.4.0->docling)
  Using cached opencv_python_headless-4.11.0.86-cp37-abi3-win_amd64.whl.metadata (20 kB)
Collecting safetensors<1,>=0.4.3 (from safetensors[torch]<1,>=0.4.3->docling-ibm-models<4.0.0,>=3.4.0->docling)
  Using cached safetensors-0.5.3-cp38-abi3-win_amd64.whl.metadata (3.9 kB)
Collecting torch<3.0.0,>=2.2.2 (from docling-ibm-models<4.0.0,>=3.4.0->docling)
  Using cached torch-2.7.0-cp310-cp310-win_amd64.whl.metadata (29 kB)
Collecting torchvision<1,>=0 (from docling-ibm-models<4.0.0,>=3.4.0->docling)
  Using cached torchvision-0.22.0-cp310-cp310-win_amd64.whl.metadata (6.3 kB)
Collecting pywin32>=305 (from docling-parse<5.0.0,>=4.0.0->docling)
  Using cached pywin32-310-cp310-cp310-win_amd64.whl.metadata (9.4 kB)
Collecting scikit-image (from easyocr<2.0,>=1.7->docling)
  Using cached scikit_image-0.25.2-cp310-cp310-win_amd64.whl.metadata (14 kB)
Collecting python-bidi (from easyocr<2.0,>=1.7->docling)
  Using cached python_bidi-0.6.6-cp310-cp310-win_amd64.whl.metadata (5.0 kB)
Collecting Shapely (from easyocr<2.0,>=1.7->docling)
  Using cached shapely-2.1.1-cp310-cp310-win_amd64.whl.metadata (7.0 kB)
Collecting pyclipper (from easyocr<2.0,>=1.7->docling)
  Using cached pyclipper-1.3.0.post6-cp310-cp310-win_amd64.whl.metadata (9.2 kB)
Collecting ninja (from easyocr<2.0,>=1.7->docling)
  Using cached ninja-1.11.1.4-py3-none-win_amd64.whl.metadata (5.0 kB)
Collecting filelock (from huggingface_hub<1,>=0.23->docling)
  Using cached filelock-3.18.0-py3-none-any.whl.metadata (2.9 kB)
Collecting fsspec>=2023.5.0 (from huggingface_hub<1,>=0.23->docling)
  Using cached fsspec-2025.5.1-py3-none-any.whl.metadata (11 kB)
Collecting packaging>=20.9 (from huggingface_hub<1,>=0.23->docling)
  Using cached packaging-25.0-py3-none-any.whl.metadata (3.3 kB)
Collecting attrs>=19.2.0 (from jsonlines<4.0.0,>=3.1.0->docling-ibm-models<4.0.0,>=3.4.0->docling)
  Using cached attrs-25.3.0-py3-none-any.whl.metadata (10 kB)
Collecting jsonschema-specifications>=2023.03.6 (from jsonschema<5.0.0,>=4.16.0->docling-core<3.0.0,>=2.29.0->docling-core[chunking]<3.0.0,>=2.29.0->docling)
  Using cached jsonschema_specifications-2025.4.1-py3-none-any.whl.metadata (2.9 kB)
Collecting referencing>=0.28.4 (from jsonschema<5.0.0,>=4.16.0->docling-core<3.0.0,>=2.29.0->docling-core[chunking]<3.0.0,>=2.29.0->docling)
  Using cached referencing-0.36.2-py3-none-any.whl.metadata (2.8 kB)
Collecting rpds-py>=0.7.1 (from jsonschema<5.0.0,>=4.16.0->docling-core<3.0.0,>=2.29.0->docling-core[chunking]<3.0.0,>=2.29.0->docling)
  Using cached rpds_py-0.25.1-cp310-cp310-win_amd64.whl.metadata (4.2 kB)
Collecting et-xmlfile (from openpyxl<4.0.0,>=3.1.5->docling)
  Using cached et_xmlfile-2.0.0-py3-none-any.whl.metadata (2.7 kB)
Collecting python-dateutil>=2.8.2 (from pandas<3.0.0,>=2.1.4->docling)
  Using cached python_dateutil-2.9.0.post0-py2.py3-none-any.whl.metadata (8.4 kB)
Collecting pytz>=2020.1 (from pandas<3.0.0,>=2.1.4->docling)
  Using cached pytz-2025.2-py2.py3-none-any.whl.metadata (22 kB)
Collecting tzdata>=2022.7 (from pandas<3.0.0,>=2.1.4->docling)
  Using cached tzdata-2025.2-py2.py3-none-any.whl.metadata (1.4 kB)
Collecting annotated-types>=0.6.0 (from pydantic<3.0.0,>=2.0.0->docling)
  Using cached annotated_types-0.7.0-py3-none-any.whl.metadata (15 kB)
Collecting pydantic-core==2.33.2 (from pydantic<3.0.0,>=2.0.0->docling)
  Using cached pydantic_core-2.33.2-cp310-cp310-win_amd64.whl.metadata (6.9 kB)
Collecting typing-inspection>=0.4.0 (from pydantic<3.0.0,>=2.0.0->docling)
  Using cached typing_inspection-0.4.1-py3-none-any.whl.metadata (2.6 kB)
Collecting python-dotenv>=0.21.0 (from pydantic-settings<3.0.0,>=2.3.0->docling)
  Using cached python_dotenv-1.1.0-py3-none-any.whl.metadata (24 kB)
Collecting XlsxWriter>=0.5.7 (from python-pptx<2.0.0,>=1.0.2->docling)
  Using cached XlsxWriter-3.2.3-py3-none-any.whl.metadata (2.7 kB)
Collecting charset-normalizer<4,>=2 (from requests<3.0.0,>=2.32.2->docling)
  Using cached charset_normalizer-3.4.2-cp310-cp310-win_amd64.whl.metadata (36 kB)
Collecting idna<4,>=2.5 (from requests<3.0.0,>=2.32.2->docling)
  Using cached idna-3.10-py3-none-any.whl.metadata (10 kB)
Collecting urllib3<3,>=1.21.1 (from requests<3.0.0,>=2.32.2->docling)
  Using cached urllib3-2.4.0-py3-none-any.whl.metadata (6.5 kB)
Collecting mpire[dill] (from semchunk<3.0.0,>=2.2.0->docling-core[chunking]<3.0.0,>=2.29.0->docling)
  Using cached mpire-2.10.2-py3-none-any.whl.metadata (14 kB)
Collecting sympy>=1.13.3 (from torch<3.0.0,>=2.2.2->docling-ibm-models<4.0.0,>=3.4.0->docling)
  Using cached sympy-1.14.0-py3-none-any.whl.metadata (12 kB)
Collecting networkx (from torch<3.0.0,>=2.2.2->docling-ibm-models<4.0.0,>=3.4.0->docling)
  Using cached networkx-3.4.2-py3-none-any.whl.metadata (6.3 kB)
Collecting jinja2 (from torch<3.0.0,>=2.2.2->docling-ibm-models<4.0.0,>=3.4.0->docling)
  Using cached jinja2-3.1.6-py3-none-any.whl.metadata (2.9 kB)
Collecting regex!=2019.12.17 (from transformers<5.0.0,>=4.34.0->docling-core[chunking]<3.0.0,>=2.29.0->docling)
  Using cached regex-2024.11.6-cp310-cp310-win_amd64.whl.metadata (41 kB)
Collecting tokenizers<0.22,>=0.21 (from transformers<5.0.0,>=4.34.0->docling-core[chunking]<3.0.0,>=2.29.0->docling)
  Using cached tokenizers-0.21.1-cp39-abi3-win_amd64.whl.metadata (6.9 kB)
Collecting shellingham>=1.3.0 (from typer<0.16.0,>=0.12.5->docling)
  Using cached shellingham-1.5.4-py2.py3-none-any.whl.metadata (3.5 kB)
Collecting rich>=10.11.0 (from typer<0.16.0,>=0.12.5->docling)
  Using cached rich-14.0.0-py3-none-any.whl.metadata (18 kB)
Collecting six>=1.5 (from python-dateutil>=2.8.2->pandas<3.0.0,>=2.1.4->docling)
  Using cached six-1.17.0-py2.py3-none-any.whl.metadata (1.7 kB)
Collecting markdown-it-py>=2.2.0 (from rich>=10.11.0->typer<0.16.0,>=0.12.5->docling)
  Using cached markdown_it_py-3.0.0-py3-none-any.whl.metadata (6.9 kB)
Collecting pygments<3.0.0,>=2.13.0 (from rich>=10.11.0->typer<0.16.0,>=0.12.5->docling)
  Using cached pygments-2.19.1-py3-none-any.whl.metadata (2.5 kB)
Collecting mdurl~=0.1 (from markdown-it-py>=2.2.0->rich>=10.11.0->typer<0.16.0,>=0.12.5->docling)
  Using cached mdurl-0.1.2-py3-none-any.whl.metadata (1.6 kB)
Collecting mpmath<1.4,>=1.1.0 (from sympy>=1.13.3->torch<3.0.0,>=2.2.2->docling-ibm-models<4.0.0,>=3.4.0->docling)
  Using cached mpmath-1.3.0-py3-none-any.whl.metadata (8.6 kB)
Collecting MarkupSafe>=2.0 (from jinja2->torch<3.0.0,>=2.2.2->docling-ibm-models<4.0.0,>=3.4.0->docling)
  Using cached MarkupSafe-3.0.2-cp310-cp310-win_amd64.whl.metadata (4.1 kB)
Collecting multiprocess (from mpire[dill]->semchunk<3.0.0,>=2.2.0->docling-core[chunking]<3.0.0,>=2.29.0->docling)
  Using cached multiprocess-0.70.18-py310-none-any.whl.metadata (7.5 kB)
Collecting dill>=0.4.0 (from multiprocess->mpire[dill]->semchunk<3.0.0,>=2.2.0->docling-core[chunking]<3.0.0,>=2.29.0->docling)
  Using cached dill-0.4.0-py3-none-any.whl.metadata (10 kB)
Collecting imageio!=2.35.0,>=2.33 (from scikit-image->easyocr<2.0,>=1.7->docling)
  Using cached imageio-2.37.0-py3-none-any.whl.metadata (5.2 kB)
Collecting tifffile>=2022.8.12 (from scikit-image->easyocr<2.0,>=1.7->docling)
  Using cached tifffile-2025.5.10-py3-none-any.whl.metadata (31 kB)
Collecting lazy-loader>=0.4 (from scikit-image->easyocr<2.0,>=1.7->docling)
  Using cached lazy_loader-0.4-py3-none-any.whl.metadata (7.6 kB)
Using cached docling-2.34.0-py3-none-any.whl (173 kB)
Using cached beautifulsoup4-4.13.4-py3-none-any.whl (187 kB)
Using cached click-8.1.8-py3-none-any.whl (98 kB)
Using cached docling_core-2.32.0-py3-none-any.whl (143 kB)
Using cached docling_ibm_models-3.4.3-py3-none-any.whl (80 kB)
Using cached docling_parse-4.0.1-cp310-cp310-win_amd64.whl (15.9 MB)
Using cached easyocr-1.7.2-py3-none-any.whl (2.9 MB)
Using cached filetype-1.2.0-py2.py3-none-any.whl (19 kB)
Using cached huggingface_hub-0.32.2-py3-none-any.whl (509 kB)
Using cached jsonlines-3.1.0-py3-none-any.whl (8.6 kB)
Using cached jsonref-1.1.0-py3-none-any.whl (9.4 kB)
Using cached jsonschema-4.24.0-py3-none-any.whl (88 kB)
Using cached latex2mathml-3.78.0-py3-none-any.whl (73 kB)
Using cached lxml-5.4.0-cp310-cp310-win_amd64.whl (3.8 MB)
Using cached marko-2.1.3-py3-none-any.whl (42 kB)
Using cached numpy-2.2.6-cp310-cp310-win_amd64.whl (12.9 MB)
Using cached opencv_python_headless-4.11.0.86-cp37-abi3-win_amd64.whl (39.4 MB)
Using cached openpyxl-3.1.5-py2.py3-none-any.whl (250 kB)
Using cached pandas-2.2.3-cp310-cp310-win_amd64.whl (11.6 MB)
Using cached pillow-11.2.1-cp310-cp310-win_amd64.whl (2.7 MB)
Using cached pluggy-1.6.0-py3-none-any.whl (20 kB)
Using cached pydantic-2.11.5-py3-none-any.whl (444 kB)
Using cached pydantic_core-2.33.2-cp310-cp310-win_amd64.whl (2.0 MB)
Using cached pydantic_settings-2.9.1-py3-none-any.whl (44 kB)
Using cached pypdfium2-4.30.1-py3-none-win_amd64.whl (3.0 MB)
Using cached python_docx-1.1.2-py3-none-any.whl (244 kB)
Using cached python_pptx-1.0.2-py3-none-any.whl (472 kB)
Using cached PyYAML-6.0.2-cp310-cp310-win_amd64.whl (161 kB)
Using cached requests-2.32.3-py3-none-any.whl (64 kB)
Using cached charset_normalizer-3.4.2-cp310-cp310-win_amd64.whl (105 kB)
Using cached idna-3.10-py3-none-any.whl (70 kB)
Using cached rtree-1.4.0-py3-none-win_amd64.whl (385 kB)
Using cached safetensors-0.5.3-cp38-abi3-win_amd64.whl (308 kB)
Using cached scipy-1.15.3-cp310-cp310-win_amd64.whl (41.3 MB)
Using cached semchunk-2.2.2-py3-none-any.whl (10 kB)
Using cached tabulate-0.9.0-py3-none-any.whl (35 kB)
Using cached torch-2.7.0-cp310-cp310-win_amd64.whl (212.5 MB)
Using cached torchvision-0.22.0-cp310-cp310-win_amd64.whl (1.7 MB)
Using cached tqdm-4.67.1-py3-none-any.whl (78 kB)
Using cached transformers-4.52.3-py3-none-any.whl (10.5 MB)
Using cached tokenizers-0.21.1-cp39-abi3-win_amd64.whl (2.4 MB)
Using cached typer-0.15.4-py3-none-any.whl (45 kB)
Using cached typing_extensions-4.13.2-py3-none-any.whl (45 kB)
Using cached urllib3-2.4.0-py3-none-any.whl (128 kB)
Using cached annotated_types-0.7.0-py3-none-any.whl (13 kB)
Using cached attrs-25.3.0-py3-none-any.whl (63 kB)
Using cached certifi-2025.4.26-py3-none-any.whl (159 kB)
Using cached fsspec-2025.5.1-py3-none-any.whl (199 kB)
Using cached jsonschema_specifications-2025.4.1-py3-none-any.whl (18 kB)
Using cached packaging-25.0-py3-none-any.whl (66 kB)
Using cached python_dateutil-2.9.0.post0-py2.py3-none-any.whl (229 kB)
Using cached python_dotenv-1.1.0-py3-none-any.whl (20 kB)
Using cached pytz-2025.2-py2.py3-none-any.whl (509 kB)
Using cached pywin32-310-cp310-cp310-win_amd64.whl (9.6 MB)
Using cached referencing-0.36.2-py3-none-any.whl (26 kB)
Using cached regex-2024.11.6-cp310-cp310-win_amd64.whl (274 kB)
Using cached rich-14.0.0-py3-none-any.whl (243 kB)
Using cached pygments-2.19.1-py3-none-any.whl (1.2 MB)
Using cached markdown_it_py-3.0.0-py3-none-any.whl (87 kB)
Using cached mdurl-0.1.2-py3-none-any.whl (10.0 kB)
Using cached rpds_py-0.25.1-cp310-cp310-win_amd64.whl (231 kB)
Using cached shellingham-1.5.4-py2.py3-none-any.whl (9.8 kB)
Using cached six-1.17.0-py2.py3-none-any.whl (11 kB)
Using cached soupsieve-2.7-py3-none-any.whl (36 kB)
Using cached sympy-1.14.0-py3-none-any.whl (6.3 MB)
Using cached mpmath-1.3.0-py3-none-any.whl (536 kB)
Using cached typing_inspection-0.4.1-py3-none-any.whl (14 kB)
Using cached tzdata-2025.2-py2.py3-none-any.whl (347 kB)
Using cached XlsxWriter-3.2.3-py3-none-any.whl (169 kB)
Using cached colorama-0.4.6-py2.py3-none-any.whl (25 kB)
Using cached et_xmlfile-2.0.0-py3-none-any.whl (18 kB)
Using cached filelock-3.18.0-py3-none-any.whl (16 kB)
Using cached jinja2-3.1.6-py3-none-any.whl (134 kB)
Using cached MarkupSafe-3.0.2-cp310-cp310-win_amd64.whl (15 kB)
Using cached mpire-2.10.2-py3-none-any.whl (272 kB)
Using cached multiprocess-0.70.18-py310-none-any.whl (134 kB)
Using cached dill-0.4.0-py3-none-any.whl (119 kB)
Using cached networkx-3.4.2-py3-none-any.whl (1.7 MB)
Using cached ninja-1.11.1.4-py3-none-win_amd64.whl (296 kB)
Using cached pyclipper-1.3.0.post6-cp310-cp310-win_amd64.whl (110 kB)
Using cached python_bidi-0.6.6-cp310-cp310-win_amd64.whl (160 kB)
Using cached scikit_image-0.25.2-cp310-cp310-win_amd64.whl (12.8 MB)
Using cached imageio-2.37.0-py3-none-any.whl (315 kB)
Using cached lazy_loader-0.4-py3-none-any.whl (12 kB)
Using cached tifffile-2025.5.10-py3-none-any.whl (226 kB)
Using cached shapely-2.1.1-cp310-cp310-win_amd64.whl (1.7 MB)
Installing collected packages: pywin32, pytz, python-bidi, pylatexenc, pyclipper, mpmath, filetype, XlsxWriter, urllib3, tzdata, typing-extensions, tabulate, sympy, soupsieve, six, shellingham, safetensors, rtree, rpds-py, regex, pyyaml, python-dotenv, pypdfium2, pygments, pluggy, pillow, packaging, numpy, ninja, networkx, mdurl, MarkupSafe, marko, lxml, latex2mathml, jsonref, idna, fsspec, filelock, et-xmlfile, dill, colorama, charset-normalizer, certifi, attrs, annotated-types, typing-inspection, tqdm, tifffile, Shapely, scipy, requests, referencing, python-pptx, python-docx, python-dateutil, pydantic-core, openpyxl, opencv-python-headless, multiprocess, markdown-it-py, lazy-loader, jsonlines, jinja2, imageio, click, beautifulsoup4, torch, scikit-image, rich, pydantic, pandas, mpire, jsonschema-specifications, huggingface_hub, typer, torchvision, tokenizers, pydantic-settings, jsonschema, transformers, semchunk, easyocr, docling-core, docling-parse, docling-ibm-models, docling
  Attempting uninstall: numpy
    Found existing installation: numpy 1.26.4
    Uninstalling numpy-1.26.4:
      Successfully uninstalled numpy-1.26.4

[INFO] Instalando/reinstalando transformers...
Collecting transformers
  Using cached transformers-4.52.3-py3-none-any.whl.metadata (40 kB)
Collecting filelock (from transformers)
  Using cached filelock-3.18.0-py3-none-any.whl.metadata (2.9 kB)
Collecting huggingface-hub<1.0,>=0.30.0 (from transformers)
  Using cached huggingface_hub-0.32.2-py3-none-any.whl.metadata (14 kB)
Collecting numpy>=1.17 (from transformers)
  Using cached numpy-2.2.6-cp310-cp310-win_amd64.whl.metadata (60 kB)
Collecting packaging>=20.0 (from transformers)
  Using cached packaging-25.0-py3-none-any.whl.metadata (3.3 kB)
Collecting pyyaml>=5.1 (from transformers)
  Using cached PyYAML-6.0.2-cp310-cp310-win_amd64.whl.metadata (2.1 kB)
Collecting regex!=2019.12.17 (from transformers)
  Using cached regex-2024.11.6-cp310-cp310-win_amd64.whl.metadata (41 kB)
Collecting requests (from transformers)
  Using cached requests-2.32.3-py3-none-any.whl.metadata (4.6 kB)
Collecting tokenizers<0.22,>=0.21 (from transformers)
  Using cached tokenizers-0.21.1-cp39-abi3-win_amd64.whl.metadata (6.9 kB)
Collecting safetensors>=0.4.3 (from transformers)
  Using cached safetensors-0.5.3-cp38-abi3-win_amd64.whl.metadata (3.9 kB)
Collecting tqdm>=4.27 (from transformers)
  Using cached tqdm-4.67.1-py3-none-any.whl.metadata (57 kB)
Collecting fsspec>=2023.5.0 (from huggingface-hub<1.0,>=0.30.0->transformers)
  Using cached fsspec-2025.5.1-py3-none-any.whl.metadata (11 kB)
Collecting typing-extensions>=3.7.4.3 (from huggingface-hub<1.0,>=0.30.0->transformers)
  Using cached typing_extensions-4.13.2-py3-none-any.whl.metadata (3.0 kB)
Collecting colorama (from tqdm>=4.27->transformers)
  Using cached colorama-0.4.6-py2.py3-none-any.whl.metadata (17 kB)
Collecting charset-normalizer<4,>=2 (from requests->transformers)
  Using cached charset_normalizer-3.4.2-cp310-cp310-win_amd64.whl.metadata (36 kB)
Collecting idna<4,>=2.5 (from requests->transformers)
  Using cached idna-3.10-py3-none-any.whl.metadata (10 kB)
Collecting urllib3<3,>=1.21.1 (from requests->transformers)
  Using cached urllib3-2.4.0-py3-none-any.whl.metadata (6.5 kB)
Collecting certifi>=2017.4.17 (from requests->transformers)
  Using cached certifi-2025.4.26-py3-none-any.whl.metadata (2.5 kB)
Using cached transformers-4.52.3-py3-none-any.whl (10.5 MB)
Using cached huggingface_hub-0.32.2-py3-none-any.whl (509 kB)
Using cached tokenizers-0.21.1-cp39-abi3-win_amd64.whl (2.4 MB)
Using cached fsspec-2025.5.1-py3-none-any.whl (199 kB)
Using cached numpy-2.2.6-cp310-cp310-win_amd64.whl (12.9 MB)
Using cached packaging-25.0-py3-none-any.whl (66 kB)
Using cached PyYAML-6.0.2-cp310-cp310-win_amd64.whl (161 kB)
Using cached regex-2024.11.6-cp310-cp310-win_amd64.whl (274 kB)
Using cached safetensors-0.5.3-cp38-abi3-win_amd64.whl (308 kB)
Using cached tqdm-4.67.1-py3-none-any.whl (78 kB)
Using cached typing_extensions-4.13.2-py3-none-any.whl (45 kB)
Using cached colorama-0.4.6-py2.py3-none-any.whl (25 kB)
Using cached filelock-3.18.0-py3-none-any.whl (16 kB)
Using cached requests-2.32.3-py3-none-any.whl (64 kB)
Using cached charset_normalizer-3.4.2-cp310-cp310-win_amd64.whl (105 kB)
Using cached idna-3.10-py3-none-any.whl (70 kB)
Using cached urllib3-2.4.0-py3-none-any.whl (128 kB)
Using cached certifi-2025.4.26-py3-none-any.whl (159 kB)
Installing collected packages: urllib3, typing-extensions, safetensors, regex, pyyaml, packaging, numpy, idna, fsspec, filelock, colorama, charset-normalizer, certifi, tqdm, requests, huggingface-hub, tokenizers, transformers
  Attempting uninstall: urllib3
    Found existing installation: urllib3 2.4.0
    Uninstalling urllib3-2.4.0:
      Successfully uninstalled urllib3-2.4.0
  Attempting uninstall: typing-extensions
    Found existing installation: typing_extensions 4.13.2
    Uninstalling typing_extensions-4.13.2:
      Successfully uninstalled typing_extensions-4.13.2
  Attempting uninstall: safetensors
    Found existing installation: safetensors 0.5.3
    Uninstalling safetensors-0.5.3:
      Successfully uninstalled safetensors-0.5.3
  Attempting uninstall: regex
    Found existing installation: regex 2024.11.6
    Uninstalling regex-2024.11.6:
      Successfully uninstalled regex-2024.11.6
  Attempting uninstall: pyyaml
    Found existing installation: PyYAML 6.0.2
    Uninstalling PyYAML-6.0.2:
      Successfully uninstalled PyYAML-6.0.2
  Attempting uninstall: packaging
    Found existing installation: packaging 24.1
    Uninstalling packaging-24.1:
      Successfully uninstalled packaging-24.1
  Attempting uninstall: numpy
    Found existing installation: numpy 2.2.6
    Uninstalling numpy-2.2.6:
      Successfully uninstalled numpy-2.2.6
  Attempting uninstall: idna
    Found existing installation: idna 3.10
    Uninstalling idna-3.10:
      Successfully uninstalled idna-3.10
  Attempting uninstall: fsspec
    Found existing installation: fsspec 2025.3.2
    Uninstalling fsspec-2025.3.2:
      Successfully uninstalled fsspec-2025.3.2
  Attempting uninstall: filelock
    Found existing installation: filelock 3.18.0
    Uninstalling filelock-3.18.0:
      Successfully uninstalled filelock-3.18.0
  Attempting uninstall: colorama
    Found existing installation: colorama 0.4.6
    Uninstalling colorama-0.4.6:
      Successfully uninstalled colorama-0.4.6
  Attempting uninstall: charset-normalizer
    Found existing installation: charset-normalizer 3.4.2
    Uninstalling charset-normalizer-3.4.2:
      Successfully uninstalled charset-normalizer-3.4.2
  Attempting uninstall: certifi
    Found existing installation: certifi 2025.4.26
    Uninstalling certifi-2025.4.26:
      Successfully uninstalled certifi-2025.4.26
  Attempting uninstall: tqdm
    Found existing installation: tqdm 4.67.1
    Uninstalling tqdm-4.67.1:
      Successfully uninstalled tqdm-4.67.1
  Attempting uninstall: requests
    Found existing installation: requests 2.32.3
    Uninstalling requests-2.32.3:
      Successfully uninstalled requests-2.32.3
  Attempting uninstall: huggingface-hub
    Found existing installation: huggingface-hub 0.31.4
    Uninstalling huggingface-hub-0.31.4:
      Successfully uninstalled huggingface-hub-0.31.4
  Attempting uninstall: tokenizers
    Found existing installation: tokenizers 0.21.1
    Uninstalling tokenizers-0.21.1:
      Successfully uninstalled tokenizers-0.21.1
  Attempting uninstall: transformers
    Found existing installation: transformers 4.52.2
    Uninstalling transformers-4.52.2:
      Successfully uninstalled transformers-4.52.2

Successfully installed certifi-2025.4.26 charset-normalizer-3.4.2 colorama-0.4.6 filelock-3.18.0 fsspec-2025.5.1 huggingface-hub-0.32.2 idna-3.10 numpy-1.24.3 packaging-25.0 pyyaml-6.0.2 regex-2024.11.6 requests-2.32.3 safetensors-0.5.3 tokenizers-0.21.1 tqdm-4.67.1 transformers-4.52.3 typing-extensions-4.13.2 urllib3-2.4.0
[INFO] Instalando/reinstalando tensorflow...
Collecting tensorflow
  Using cached tensorflow-2.19.0-cp310-cp310-win_amd64.whl.metadata (4.1 kB)
Collecting absl-py>=1.0.0 (from tensorflow)
  Using cached absl_py-2.3.0-py3-none-any.whl.metadata (2.4 kB)
Collecting astunparse>=1.6.0 (from tensorflow)
  Using cached astunparse-1.6.3-py2.py3-none-any.whl.metadata (4.4 kB)
Collecting flatbuffers>=24.3.25 (from tensorflow)
  Using cached flatbuffers-25.2.10-py2.py3-none-any.whl.metadata (875 bytes)
Collecting gast!=0.5.0,!=0.5.1,!=0.5.2,>=0.2.1 (from tensorflow)
  Using cached gast-0.6.0-py3-none-any.whl.metadata (1.3 kB)
Collecting google-pasta>=0.1.1 (from tensorflow)
  Using cached google_pasta-0.2.0-py3-none-any.whl.metadata (814 bytes)
Collecting libclang>=13.0.0 (from tensorflow)
  Using cached libclang-18.1.1-py2.py3-none-win_amd64.whl.metadata (5.3 kB)
Collecting opt-einsum>=2.3.2 (from tensorflow)
  Using cached opt_einsum-3.4.0-py3-none-any.whl.metadata (6.3 kB)
Collecting packaging (from tensorflow)
  Using cached packaging-25.0-py3-none-any.whl.metadata (3.3 kB)
Collecting protobuf!=4.21.0,!=4.21.1,!=4.21.2,!=4.21.3,!=4.21.4,!=4.21.5,<6.0.0dev,>=3.20.3 (from tensorflow)
  Using cached protobuf-5.29.4-cp310-abi3-win_amd64.whl.metadata (592 bytes)
Collecting requests<3,>=2.21.0 (from tensorflow)
  Using cached requests-2.32.3-py3-none-any.whl.metadata (4.6 kB)
Collecting setuptools (from tensorflow)
  Using cached setuptools-80.9.0-py3-none-any.whl.metadata (6.6 kB)
Collecting six>=1.12.0 (from tensorflow)
  Using cached six-1.17.0-py2.py3-none-any.whl.metadata (1.7 kB)
Collecting termcolor>=1.1.0 (from tensorflow)
  Using cached termcolor-3.1.0-py3-none-any.whl.metadata (6.4 kB)
Collecting typing-extensions>=3.6.6 (from tensorflow)
  Using cached typing_extensions-4.13.2-py3-none-any.whl.metadata (3.0 kB)
Collecting wrapt>=1.11.0 (from tensorflow)
  Using cached wrapt-1.17.2-cp310-cp310-win_amd64.whl.metadata (6.5 kB)
Collecting grpcio<2.0,>=1.24.3 (from tensorflow)
  Using cached grpcio-1.71.0-cp310-cp310-win_amd64.whl.metadata (4.0 kB)
Collecting tensorboard~=2.19.0 (from tensorflow)
  Using cached tensorboard-2.19.0-py3-none-any.whl.metadata (1.8 kB)
Collecting keras>=3.5.0 (from tensorflow)
  Using cached keras-3.10.0-py3-none-any.whl.metadata (6.0 kB)
Collecting numpy<2.2.0,>=1.26.0 (from tensorflow)
  Using cached numpy-2.1.3-cp310-cp310-win_amd64.whl.metadata (60 kB)
Collecting h5py>=3.11.0 (from tensorflow)
  Using cached h5py-3.13.0-cp310-cp310-win_amd64.whl.metadata (2.5 kB)
Collecting ml-dtypes<1.0.0,>=0.5.1 (from tensorflow)
  Using cached ml_dtypes-0.5.1-cp310-cp310-win_amd64.whl.metadata (22 kB)
Collecting tensorflow-io-gcs-filesystem>=0.23.1 (from tensorflow)
  Using cached tensorflow_io_gcs_filesystem-0.31.0-cp310-cp310-win_amd64.whl.metadata (14 kB)
Collecting charset-normalizer<4,>=2 (from requests<3,>=2.21.0->tensorflow)
  Using cached charset_normalizer-3.4.2-cp310-cp310-win_amd64.whl.metadata (36 kB)
Collecting idna<4,>=2.5 (from requests<3,>=2.21.0->tensorflow)
  Using cached idna-3.10-py3-none-any.whl.metadata (10 kB)
Collecting urllib3<3,>=1.21.1 (from requests<3,>=2.21.0->tensorflow)
  Using cached urllib3-2.4.0-py3-none-any.whl.metadata (6.5 kB)
Collecting certifi>=2017.4.17 (from requests<3,>=2.21.0->tensorflow)
  Using cached certifi-2025.4.26-py3-none-any.whl.metadata (2.5 kB)
Collecting markdown>=2.6.8 (from tensorboard~=2.19.0->tensorflow)
  Using cached markdown-3.8-py3-none-any.whl.metadata (5.1 kB)
Collecting tensorboard-data-server<0.8.0,>=0.7.0 (from tensorboard~=2.19.0->tensorflow)
  Using cached tensorboard_data_server-0.7.2-py3-none-any.whl.metadata (1.1 kB)
Collecting werkzeug>=1.0.1 (from tensorboard~=2.19.0->tensorflow)
  Using cached werkzeug-3.1.3-py3-none-any.whl.metadata (3.7 kB)
Collecting wheel<1.0,>=0.23.0 (from astunparse>=1.6.0->tensorflow)
  Using cached wheel-0.45.1-py3-none-any.whl.metadata (2.3 kB)
Collecting rich (from keras>=3.5.0->tensorflow)
  Using cached rich-14.0.0-py3-none-any.whl.metadata (18 kB)
Collecting namex (from keras>=3.5.0->tensorflow)
  Using cached namex-0.1.0-py3-none-any.whl.metadata (322 bytes)
Collecting optree (from keras>=3.5.0->tensorflow)
  Using cached optree-0.15.0-cp310-cp310-win_amd64.whl.metadata (49 kB)
Collecting MarkupSafe>=2.1.1 (from werkzeug>=1.0.1->tensorboard~=2.19.0->tensorflow)
  Using cached MarkupSafe-3.0.2-cp310-cp310-win_amd64.whl.metadata (4.1 kB)
Collecting markdown-it-py>=2.2.0 (from rich->keras>=3.5.0->tensorflow)
  Using cached markdown_it_py-3.0.0-py3-none-any.whl.metadata (6.9 kB)
Collecting pygments<3.0.0,>=2.13.0 (from rich->keras>=3.5.0->tensorflow)
  Using cached pygments-2.19.1-py3-none-any.whl.metadata (2.5 kB)
Collecting mdurl~=0.1 (from markdown-it-py>=2.2.0->rich->keras>=3.5.0->tensorflow)
  Using cached mdurl-0.1.2-py3-none-any.whl.metadata (1.6 kB)
Using cached tensorflow-2.19.0-cp310-cp310-win_amd64.whl (375.7 MB)
Using cached grpcio-1.71.0-cp310-cp310-win_amd64.whl (4.3 MB)
Using cached ml_dtypes-0.5.1-cp310-cp310-win_amd64.whl (209 kB)
Using cached numpy-2.1.3-cp310-cp310-win_amd64.whl (12.9 MB)
Using cached protobuf-5.29.4-cp310-abi3-win_amd64.whl (434 kB)
Using cached requests-2.32.3-py3-none-any.whl (64 kB)
Using cached charset_normalizer-3.4.2-cp310-cp310-win_amd64.whl (105 kB)
Using cached idna-3.10-py3-none-any.whl (70 kB)
Using cached tensorboard-2.19.0-py3-none-any.whl (5.5 MB)
Using cached tensorboard_data_server-0.7.2-py3-none-any.whl (2.4 kB)
Using cached urllib3-2.4.0-py3-none-any.whl (128 kB)
Using cached absl_py-2.3.0-py3-none-any.whl (135 kB)
Using cached astunparse-1.6.3-py2.py3-none-any.whl (12 kB)
Using cached six-1.17.0-py2.py3-none-any.whl (11 kB)
Using cached wheel-0.45.1-py3-none-any.whl (72 kB)
Using cached certifi-2025.4.26-py3-none-any.whl (159 kB)
Using cached flatbuffers-25.2.10-py2.py3-none-any.whl (30 kB)
Using cached gast-0.6.0-py3-none-any.whl (21 kB)
Using cached google_pasta-0.2.0-py3-none-any.whl (57 kB)
Using cached h5py-3.13.0-cp310-cp310-win_amd64.whl (3.0 MB)
Using cached keras-3.10.0-py3-none-any.whl (1.4 MB)
Using cached libclang-18.1.1-py2.py3-none-win_amd64.whl (26.4 MB)
Using cached markdown-3.8-py3-none-any.whl (106 kB)
Using cached opt_einsum-3.4.0-py3-none-any.whl (71 kB)
Using cached setuptools-80.9.0-py3-none-any.whl (1.2 MB)
Using cached tensorflow_io_gcs_filesystem-0.31.0-cp310-cp310-win_amd64.whl (1.5 MB)
Using cached termcolor-3.1.0-py3-none-any.whl (7.7 kB)
Using cached typing_extensions-4.13.2-py3-none-any.whl (45 kB)
Using cached werkzeug-3.1.3-py3-none-any.whl (224 kB)
Using cached MarkupSafe-3.0.2-cp310-cp310-win_amd64.whl (15 kB)
Using cached wrapt-1.17.2-cp310-cp310-win_amd64.whl (38 kB)
Using cached namex-0.1.0-py3-none-any.whl (5.9 kB)
Using cached optree-0.15.0-cp310-cp310-win_amd64.whl (297 kB)
Using cached packaging-25.0-py3-none-any.whl (66 kB)
Using cached rich-14.0.0-py3-none-any.whl (243 kB)
Using cached pygments-2.19.1-py3-none-any.whl (1.2 MB)
Using cached markdown_it_py-3.0.0-py3-none-any.whl (87 kB)
Using cached mdurl-0.1.2-py3-none-any.whl (10.0 kB)
Installing collected packages: namex, libclang, flatbuffers, wrapt, wheel, urllib3, typing-extensions, termcolor, tensorflow-io-gcs-filesystem, tensorboard-data-server, six, setuptools, pygments, protobuf, packaging, opt-einsum, numpy, mdurl, MarkupSafe, markdown, idna, grpcio, gast, charset-normalizer, certifi, absl-py, werkzeug, requests, optree, ml-dtypes, markdown-it-py, h5py, google-pasta, astunparse, tensorboard, rich, keras, tensorflow
  Attempting uninstall: libclang
    Found existing installation: libclang 18.1.1
    Uninstalling libclang-18.1.1:
      Successfully uninstalled libclang-18.1.1
  Attempting uninstall: flatbuffers
    Found existing installation: flatbuffers 25.2.10
    Uninstalling flatbuffers-25.2.10:
      Successfully uninstalled flatbuffers-25.2.10
  Attempting uninstall: wrapt
    Found existing installation: wrapt 1.17.2
    Uninstalling wrapt-1.17.2:
      Successfully uninstalled wrapt-1.17.2
  Attempting uninstall: wheel
    Found existing installation: wheel 0.45.1
    Uninstalling wheel-0.45.1:
      Successfully uninstalled wheel-0.45.1
  Attempting uninstall: urllib3
    Found existing installation: urllib3 2.4.0
    Uninstalling urllib3-2.4.0:
      Successfully uninstalled urllib3-2.4.0
  Attempting uninstall: typing-extensions
    Found existing installation: typing_extensions 4.13.2
    Uninstalling typing_extensions-4.13.2:
      Successfully uninstalled typing_extensions-4.13.2
  Attempting uninstall: termcolor
    Found existing installation: termcolor 3.1.0
    Uninstalling termcolor-3.1.0:
      Successfully uninstalled termcolor-3.1.0
  Attempting uninstall: tensorflow-io-gcs-filesystem
    Found existing installation: tensorflow-io-gcs-filesystem 0.31.0
    Uninstalling tensorflow-io-gcs-filesystem-0.31.0:
      Successfully uninstalled tensorflow-io-gcs-filesystem-0.31.0
  Attempting uninstall: tensorboard-data-server
    Found existing installation: tensorboard-data-server 0.7.2
    Uninstalling tensorboard-data-server-0.7.2:
      Successfully uninstalled tensorboard-data-server-0.7.2
  Attempting uninstall: six
    Found existing installation: six 1.16.0
    Uninstalling six-1.16.0:
      Successfully uninstalled six-1.16.0
  Attempting uninstall: setuptools
    Found existing installation: setuptools 65.5.0
    Uninstalling setuptools-65.5.0:
      Successfully uninstalled setuptools-65.5.0
  Attempting uninstall: pygments
    Found existing installation: Pygments 2.18.0
    Uninstalling Pygments-2.18.0:
      Successfully uninstalled Pygments-2.18.0
  Attempting uninstall: protobuf
    Found existing installation: protobuf 4.25.7
    Uninstalling protobuf-4.25.7:
      Successfully uninstalled protobuf-4.25.7
  Attempting uninstall: packaging
    Found existing installation: packaging 25.0
    Uninstalling packaging-25.0:
      Successfully uninstalled packaging-25.0
  Attempting uninstall: opt-einsum
    Found existing installation: opt_einsum 3.4.0
    Uninstalling opt_einsum-3.4.0:
      Successfully uninstalled opt_einsum-3.4.0
  Attempting uninstall: numpy
    Found existing installation: numpy 1.24.3
    Uninstalling numpy-1.24.3:
      Successfully uninstalled numpy-1.24.3
  Attempting uninstall: mdurl
    Found existing installation: mdurl 0.1.2
    Uninstalling mdurl-0.1.2:
      Successfully uninstalled mdurl-0.1.2
  Attempting uninstall: MarkupSafe
    Found existing installation: MarkupSafe 3.0.2
    Uninstalling MarkupSafe-3.0.2:
      Successfully uninstalled MarkupSafe-3.0.2
  Attempting uninstall: markdown
    Found existing installation: Markdown 3.8
    Uninstalling Markdown-3.8:
      Successfully uninstalled Markdown-3.8
  Attempting uninstall: idna
    Found existing installation: idna 3.10
    Uninstalling idna-3.10:
      Successfully uninstalled idna-3.10
  Attempting uninstall: grpcio
    Found existing installation: grpcio 1.71.0
    Uninstalling grpcio-1.71.0:
      Successfully uninstalled grpcio-1.71.0
  Attempting uninstall: gast
    Found existing installation: gast 0.4.0
    Uninstalling gast-0.4.0:
      Successfully uninstalled gast-0.4.0
  Attempting uninstall: charset-normalizer
    Found existing installation: charset-normalizer 3.4.2
    Uninstalling charset-normalizer-3.4.2:
      Successfully uninstalled charset-normalizer-3.4.2
  Attempting uninstall: certifi
    Found existing installation: certifi 2025.4.26
    Uninstalling certifi-2025.4.26:
      Successfully uninstalled certifi-2025.4.26
  Attempting uninstall: absl-py
    Found existing installation: absl-py 2.2.2
    Uninstalling absl-py-2.2.2:
      Successfully uninstalled absl-py-2.2.2
  Attempting uninstall: werkzeug
    Found existing installation: Werkzeug 3.1.3
    Uninstalling Werkzeug-3.1.3:
      Successfully uninstalled Werkzeug-3.1.3
  Attempting uninstall: requests
    Found existing installation: requests 2.32.3
    Uninstalling requests-2.32.3:
      Successfully uninstalled requests-2.32.3
  Attempting uninstall: markdown-it-py
    Found existing installation: markdown-it-py 3.0.0
    Uninstalling markdown-it-py-3.0.0:
      Successfully uninstalled markdown-it-py-3.0.0
  Attempting uninstall: h5py
    Found existing installation: h5py 3.13.0
    Uninstalling h5py-3.13.0:
      Successfully uninstalled h5py-3.13.0
  Attempting uninstall: google-pasta
    Found existing installation: google-pasta 0.2.0
    Uninstalling google-pasta-0.2.0:
      Successfully uninstalled google-pasta-0.2.0
  Attempting uninstall: astunparse
    Found existing installation: astunparse 1.6.3
    Uninstalling astunparse-1.6.3:
      Successfully uninstalled astunparse-1.6.3
  Attempting uninstall: tensorboard
    Found existing installation: tensorboard 2.13.0
    Uninstalling tensorboard-2.13.0:
      Successfully uninstalled tensorboard-2.13.0
  Attempting uninstall: rich
    Found existing installation: rich 14.0.0
    Uninstalling rich-14.0.0:
      Successfully uninstalled rich-14.0.0
  Attempting uninstall: keras
    Found existing installation: keras 2.13.1
    Uninstalling keras-2.13.1:
      Successfully uninstalled keras-2.13.1
  Attempting uninstall: tensorflow
    Found existing installation: tensorflow 2.13.0
    Uninstalling tensorflow-2.13.0:
      Successfully uninstalled tensorflow-2.13.0

Successfully installed MarkupSafe-3.0.2 absl-py-2.3.0 astunparse-1.6.3 certifi-2025.4.26 charset-normalizer-3.4.2 flatbuffers-25.2.10 gast-0.6.0 google-pasta-0.2.0 grpcio-1.71.0 h5py-3.13.0 idna-3.10 keras-3.10.0 libclang-18.1.1 markdown-3.8 markdown-it-py-3.0.0 mdurl-0.1.2 ml-dtypes-0.5.1 namex-0.1.0 numpy-2.1.3 opt-einsum-3.4.0 optree-0.15.0 packaging-25.0 protobuf-5.29.4 pygments-2.19.1 requests-2.32.3 rich-14.0.0 setuptools-80.9.0 six-1.17.0 tensorboard-2.19.0 tensorboard-data-server-0.7.2 tensorflow-2.19.0 tensorflow-io-gcs-filesystem-0.31.0 termcolor-3.1.0 typing-extensions-4.13.2 urllib3-2.4.0 werkzeug-3.1.3 wheel-0.45.1 wrapt-1.17.2
[INFO] Instalando/reinstalando docling-parse...
Collecting docling-parse
  Using cached docling_parse-4.0.1-cp310-cp310-win_amd64.whl.metadata (9.6 kB)
Collecting docling-core<3.0.0,>=2.23.0 (from docling-parse)
  Using cached docling_core-2.32.0-py3-none-any.whl.metadata (6.0 kB)
Collecting pillow<12.0.0,>=10.0.0 (from docling-parse)
  Using cached pillow-11.2.1-cp310-cp310-win_amd64.whl.metadata (9.1 kB)
Collecting pydantic<3.0.0,>=2.0.0 (from docling-parse)
  Using cached pydantic-2.11.5-py3-none-any.whl.metadata (67 kB)
Collecting pywin32>=305 (from docling-parse)
  Using cached pywin32-310-cp310-cp310-win_amd64.whl.metadata (9.4 kB)
Collecting tabulate<1.0.0,>=0.9.0 (from docling-parse)
  Using cached tabulate-0.9.0-py3-none-any.whl.metadata (34 kB)
Collecting jsonref<2.0.0,>=1.1.0 (from docling-core<3.0.0,>=2.23.0->docling-parse)
  Using cached jsonref-1.1.0-py3-none-any.whl.metadata (2.7 kB)
Collecting jsonschema<5.0.0,>=4.16.0 (from docling-core<3.0.0,>=2.23.0->docling-parse)
  Using cached jsonschema-4.24.0-py3-none-any.whl.metadata (7.8 kB)
Collecting latex2mathml<4.0.0,>=3.77.0 (from docling-core<3.0.0,>=2.23.0->docling-parse)
  Using cached latex2mathml-3.78.0-py3-none-any.whl.metadata (14 kB)
Collecting pandas<3.0.0,>=2.1.4 (from docling-core<3.0.0,>=2.23.0->docling-parse)
  Using cached pandas-2.2.3-cp310-cp310-win_amd64.whl.metadata (19 kB)
Collecting pyyaml<7.0.0,>=5.1 (from docling-core<3.0.0,>=2.23.0->docling-parse)
  Using cached PyYAML-6.0.2-cp310-cp310-win_amd64.whl.metadata (2.1 kB)
Collecting typer<0.16.0,>=0.12.5 (from docling-core<3.0.0,>=2.23.0->docling-parse)
  Using cached typer-0.15.4-py3-none-any.whl.metadata (15 kB)
Collecting typing-extensions<5.0.0,>=4.12.2 (from docling-core<3.0.0,>=2.23.0->docling-parse)
  Using cached typing_extensions-4.13.2-py3-none-any.whl.metadata (3.0 kB)
Collecting attrs>=22.2.0 (from jsonschema<5.0.0,>=4.16.0->docling-core<3.0.0,>=2.23.0->docling-parse)
  Using cached attrs-25.3.0-py3-none-any.whl.metadata (10 kB)
Collecting jsonschema-specifications>=2023.03.6 (from jsonschema<5.0.0,>=4.16.0->docling-core<3.0.0,>=2.23.0->docling-parse)
  Using cached jsonschema_specifications-2025.4.1-py3-none-any.whl.metadata (2.9 kB)
Collecting referencing>=0.28.4 (from jsonschema<5.0.0,>=4.16.0->docling-core<3.0.0,>=2.23.0->docling-parse)
  Using cached referencing-0.36.2-py3-none-any.whl.metadata (2.8 kB)
Collecting rpds-py>=0.7.1 (from jsonschema<5.0.0,>=4.16.0->docling-core<3.0.0,>=2.23.0->docling-parse)
  Using cached rpds_py-0.25.1-cp310-cp310-win_amd64.whl.metadata (4.2 kB)
Collecting numpy>=1.22.4 (from pandas<3.0.0,>=2.1.4->docling-core<3.0.0,>=2.23.0->docling-parse)
  Using cached numpy-2.2.6-cp310-cp310-win_amd64.whl.metadata (60 kB)
Collecting python-dateutil>=2.8.2 (from pandas<3.0.0,>=2.1.4->docling-core<3.0.0,>=2.23.0->docling-parse)
  Using cached python_dateutil-2.9.0.post0-py2.py3-none-any.whl.metadata (8.4 kB)
Collecting pytz>=2020.1 (from pandas<3.0.0,>=2.1.4->docling-core<3.0.0,>=2.23.0->docling-parse)
  Using cached pytz-2025.2-py2.py3-none-any.whl.metadata (22 kB)
Collecting tzdata>=2022.7 (from pandas<3.0.0,>=2.1.4->docling-core<3.0.0,>=2.23.0->docling-parse)
  Using cached tzdata-2025.2-py2.py3-none-any.whl.metadata (1.4 kB)
Collecting annotated-types>=0.6.0 (from pydantic<3.0.0,>=2.0.0->docling-parse)
  Using cached annotated_types-0.7.0-py3-none-any.whl.metadata (15 kB)
Collecting pydantic-core==2.33.2 (from pydantic<3.0.0,>=2.0.0->docling-parse)
  Using cached pydantic_core-2.33.2-cp310-cp310-win_amd64.whl.metadata (6.9 kB)
Collecting typing-inspection>=0.4.0 (from pydantic<3.0.0,>=2.0.0->docling-parse)
  Using cached typing_inspection-0.4.1-py3-none-any.whl.metadata (2.6 kB)
Collecting click<8.2,>=8.0.0 (from typer<0.16.0,>=0.12.5->docling-core<3.0.0,>=2.23.0->docling-parse)
  Using cached click-8.1.8-py3-none-any.whl.metadata (2.3 kB)
Collecting shellingham>=1.3.0 (from typer<0.16.0,>=0.12.5->docling-core<3.0.0,>=2.23.0->docling-parse)
  Using cached shellingham-1.5.4-py2.py3-none-any.whl.metadata (3.5 kB)
Collecting rich>=10.11.0 (from typer<0.16.0,>=0.12.5->docling-core<3.0.0,>=2.23.0->docling-parse)
  Using cached rich-14.0.0-py3-none-any.whl.metadata (18 kB)
Collecting colorama (from click<8.2,>=8.0.0->typer<0.16.0,>=0.12.5->docling-core<3.0.0,>=2.23.0->docling-parse)
  Using cached colorama-0.4.6-py2.py3-none-any.whl.metadata (17 kB)
Collecting six>=1.5 (from python-dateutil>=2.8.2->pandas<3.0.0,>=2.1.4->docling-core<3.0.0,>=2.23.0->docling-parse)
  Using cached six-1.17.0-py2.py3-none-any.whl.metadata (1.7 kB)
Collecting markdown-it-py>=2.2.0 (from rich>=10.11.0->typer<0.16.0,>=0.12.5->docling-core<3.0.0,>=2.23.0->docling-parse)
  Using cached markdown_it_py-3.0.0-py3-none-any.whl.metadata (6.9 kB)
Collecting pygments<3.0.0,>=2.13.0 (from rich>=10.11.0->typer<0.16.0,>=0.12.5->docling-core<3.0.0,>=2.23.0->docling-parse)
  Using cached pygments-2.19.1-py3-none-any.whl.metadata (2.5 kB)
Collecting mdurl~=0.1 (from markdown-it-py>=2.2.0->rich>=10.11.0->typer<0.16.0,>=0.12.5->docling-core<3.0.0,>=2.23.0->docling-parse)
  Using cached mdurl-0.1.2-py3-none-any.whl.metadata (1.6 kB)
Using cached docling_parse-4.0.1-cp310-cp310-win_amd64.whl (15.9 MB)
Using cached docling_core-2.32.0-py3-none-any.whl (143 kB)
Using cached jsonref-1.1.0-py3-none-any.whl (9.4 kB)
Using cached jsonschema-4.24.0-py3-none-any.whl (88 kB)
Using cached latex2mathml-3.78.0-py3-none-any.whl (73 kB)
Using cached pandas-2.2.3-cp310-cp310-win_amd64.whl (11.6 MB)
Using cached pillow-11.2.1-cp310-cp310-win_amd64.whl (2.7 MB)
Using cached pydantic-2.11.5-py3-none-any.whl (444 kB)
Using cached pydantic_core-2.33.2-cp310-cp310-win_amd64.whl (2.0 MB)
Using cached PyYAML-6.0.2-cp310-cp310-win_amd64.whl (161 kB)
Using cached tabulate-0.9.0-py3-none-any.whl (35 kB)
Using cached typer-0.15.4-py3-none-any.whl (45 kB)
Using cached click-8.1.8-py3-none-any.whl (98 kB)
Using cached typing_extensions-4.13.2-py3-none-any.whl (45 kB)
Using cached annotated_types-0.7.0-py3-none-any.whl (13 kB)
Using cached attrs-25.3.0-py3-none-any.whl (63 kB)
Using cached jsonschema_specifications-2025.4.1-py3-none-any.whl (18 kB)
Using cached numpy-2.2.6-cp310-cp310-win_amd64.whl (12.9 MB)
Using cached python_dateutil-2.9.0.post0-py2.py3-none-any.whl (229 kB)
Using cached pytz-2025.2-py2.py3-none-any.whl (509 kB)
Using cached pywin32-310-cp310-cp310-win_amd64.whl (9.6 MB)
Using cached referencing-0.36.2-py3-none-any.whl (26 kB)
Using cached rich-14.0.0-py3-none-any.whl (243 kB)
Using cached pygments-2.19.1-py3-none-any.whl (1.2 MB)
Using cached markdown_it_py-3.0.0-py3-none-any.whl (87 kB)
Using cached mdurl-0.1.2-py3-none-any.whl (10.0 kB)
Using cached rpds_py-0.25.1-cp310-cp310-win_amd64.whl (231 kB)
Using cached shellingham-1.5.4-py2.py3-none-any.whl (9.8 kB)
Using cached six-1.17.0-py2.py3-none-any.whl (11 kB)
Using cached typing_inspection-0.4.1-py3-none-any.whl (14 kB)
Using cached tzdata-2025.2-py2.py3-none-any.whl (347 kB)
Using cached colorama-0.4.6-py2.py3-none-any.whl (25 kB)
Installing collected packages: pywin32, pytz, tzdata, typing-extensions, tabulate, six, shellingham, rpds-py, pyyaml, pygments, pillow, numpy, mdurl, latex2mathml, jsonref, colorama, attrs, annotated-types, typing-inspection, referencing, python-dateutil, pydantic-core, markdown-it-py, click, rich, pydantic, pandas, jsonschema-specifications, typer, jsonschema, docling-core, docling-parse
  Attempting uninstall: pywin32
    Found existing installation: pywin32 308
    Uninstalling pywin32-308:
      Successfully uninstalled pywin32-308
  Attempting uninstall: pytz
    Found existing installation: pytz 2025.2
    Uninstalling pytz-2025.2:
      Successfully uninstalled pytz-2025.2
  Attempting uninstall: tzdata
    Found existing installation: tzdata 2025.2
    Uninstalling tzdata-2025.2:
      Successfully uninstalled tzdata-2025.2
  Attempting uninstall: typing-extensions
    Found existing installation: typing_extensions 4.13.2
    Uninstalling typing_extensions-4.13.2:
      Successfully uninstalled typing_extensions-4.13.2
  Attempting uninstall: tabulate
    Found existing installation: tabulate 0.9.0
    Uninstalling tabulate-0.9.0:
      Successfully uninstalled tabulate-0.9.0
  Attempting uninstall: six
    Found existing installation: six 1.17.0
    Uninstalling six-1.17.0:
      Successfully uninstalled six-1.17.0
  Attempting uninstall: shellingham
    Found existing installation: shellingham 1.5.4
    Uninstalling shellingham-1.5.4:
      Successfully uninstalled shellingham-1.5.4
  Attempting uninstall: rpds-py
    Found existing installation: rpds-py 0.24.0
    Uninstalling rpds-py-0.24.0:
      Successfully uninstalled rpds-py-0.24.0
  Attempting uninstall: pyyaml
    Found existing installation: PyYAML 6.0.2
    Uninstalling PyYAML-6.0.2:
      Successfully uninstalled PyYAML-6.0.2
  Attempting uninstall: pygments
    Found existing installation: Pygments 2.19.1
    Uninstalling Pygments-2.19.1:
      Successfully uninstalled Pygments-2.19.1
  Attempting uninstall: pillow
    Found existing installation: pillow 11.2.1
    Uninstalling pillow-11.2.1:
      Successfully uninstalled pillow-11.2.1
  Attempting uninstall: numpy
    Found existing installation: numpy 2.1.3
    Uninstalling numpy-2.1.3:
      Successfully uninstalled numpy-2.1.3
  Attempting uninstall: mdurl
    Found existing installation: mdurl 0.1.2
    Uninstalling mdurl-0.1.2:
      Successfully uninstalled mdurl-0.1.2
  Attempting uninstall: latex2mathml
    Found existing installation: latex2mathml 3.78.0
    Uninstalling latex2mathml-3.78.0:
      Successfully uninstalled latex2mathml-3.78.0
  Attempting uninstall: jsonref
    Found existing installation: jsonref 1.1.0
    Uninstalling jsonref-1.1.0:
      Successfully uninstalled jsonref-1.1.0
  Attempting uninstall: colorama
    Found existing installation: colorama 0.4.6
    Uninstalling colorama-0.4.6:
      Successfully uninstalled colorama-0.4.6
  Attempting uninstall: attrs
    Found existing installation: attrs 25.3.0
    Uninstalling attrs-25.3.0:
      Successfully uninstalled attrs-25.3.0
  Attempting uninstall: annotated-types
    Found existing installation: annotated-types 0.7.0
    Uninstalling annotated-types-0.7.0:
      Successfully uninstalled annotated-types-0.7.0
  Attempting uninstall: typing-inspection
    Found existing installation: typing-inspection 0.4.0
    Uninstalling typing-inspection-0.4.0:
      Successfully uninstalled typing-inspection-0.4.0
  Attempting uninstall: referencing
    Found existing installation: referencing 0.36.2
    Uninstalling referencing-0.36.2:
      Successfully uninstalled referencing-0.36.2
  Attempting uninstall: python-dateutil
    Found existing installation: python-dateutil 2.9.0.post0
    Uninstalling python-dateutil-2.9.0.post0:
      Successfully uninstalled python-dateutil-2.9.0.post0
  Attempting uninstall: pydantic-core
    Found existing installation: pydantic_core 2.33.2
    Uninstalling pydantic_core-2.33.2:
      Successfully uninstalled pydantic_core-2.33.2
  Attempting uninstall: markdown-it-py
    Found existing installation: markdown-it-py 3.0.0
    Uninstalling markdown-it-py-3.0.0:
      Successfully uninstalled markdown-it-py-3.0.0
  Attempting uninstall: click
    Found existing installation: click 8.1.8
    Uninstalling click-8.1.8:
      Successfully uninstalled click-8.1.8
  Attempting uninstall: rich
    Found existing installation: rich 14.0.0
    Uninstalling rich-14.0.0:
      Successfully uninstalled rich-14.0.0
  Attempting uninstall: pydantic
    Found existing installation: pydantic 2.11.4
    Uninstalling pydantic-2.11.4:
      Successfully uninstalled pydantic-2.11.4
  Attempting uninstall: pandas
    Found existing installation: pandas 2.2.3
    Uninstalling pandas-2.2.3:
      Successfully uninstalled pandas-2.2.3
  Attempting uninstall: jsonschema-specifications
    Found existing installation: jsonschema-specifications 2025.4.1
    Uninstalling jsonschema-specifications-2025.4.1:
      Successfully uninstalled jsonschema-specifications-2025.4.1
  Attempting uninstall: typer
    Found existing installation: typer 0.15.4
    Uninstalling typer-0.15.4:
      Successfully uninstalled typer-0.15.4
  Attempting uninstall: jsonschema
    Found existing installation: jsonschema 4.23.0
    Uninstalling jsonschema-4.23.0:
      Successfully uninstalled jsonschema-4.23.0
  Attempting uninstall: docling-core
    Found existing installation: docling-core 2.31.1
    Uninstalling docling-core-2.31.1:
      Successfully uninstalled docling-core-2.31.1
  Attempting uninstall: docling-parse
    Found existing installation: docling-parse 4.0.1
    Uninstalling docling-parse-4.0.1:
      Successfully uninstalled docling-parse-4.0.1

Successfully installed annotated-types-0.7.0 attrs-25.3.0 click-8.1.8 colorama-0.4.6 docling-core-2.32.0 docling-parse-4.0.1 jsonref-1.1.0 jsonschema-4.24.0 jsonschema-specifications-2025.4.1 latex2mathml-3.78.0 markdown-it-py-3.0.0 mdurl-0.1.2 numpy-2.2.6 pandas-2.2.3 pillow-11.2.1 pydantic-2.11.5 pydantic-core-2.33.2 pygments-2.19.1 python-dateutil-2.9.0.post0 pytz-2025.2 pywin32-310 pyyaml-6.0.2 referencing-0.36.2 rich-14.0.0 rpds-py-0.25.1 shellingham-1.5.4 six-1.17.0 tabulate-0.9.0 typer-0.15.4 typing-extensions-4.13.2 typing-inspection-0.4.1 tzdata-2025.2
[INFO] Instalando docling-parse v2 diretamente do GitHub...
Collecting docling-parse
  Cloning https://github.com/docling-project/docling-parse.git (to revision main) to c:\users\s056558027\appdata\local\temp\pip-install-tnro30gv\docling-parse_f2bb5797b00641808e079453832e6104
  Resolved https://github.com/docling-project/docling-parse.git to commit 4bd9434a7b0c747dcb3f7876b33649bf1266a5a7
  Installing build dependencies: started
  Installing build dependencies: finished with status 'done'
  Getting requirements to build wheel: started
  Getting requirements to build wheel: finished with status 'done'
  Preparing metadata (pyproject.toml): started
  Preparing metadata (pyproject.toml): finished with status 'done'
Collecting docling-core<3.0.0,>=2.23.0 (from docling-parse)
  Using cached docling_core-2.32.0-py3-none-any.whl.metadata (6.0 kB)
Collecting pillow<12.0.0,>=10.0.0 (from docling-parse)
  Using cached pillow-11.2.1-cp310-cp310-win_amd64.whl.metadata (9.1 kB)
Collecting pydantic<3.0.0,>=2.0.0 (from docling-parse)
  Using cached pydantic-2.11.5-py3-none-any.whl.metadata (67 kB)
Collecting pywin32>=305 (from docling-parse)
  Using cached pywin32-310-cp310-cp310-win_amd64.whl.metadata (9.4 kB)
Collecting tabulate<1.0.0,>=0.9.0 (from docling-parse)
  Using cached tabulate-0.9.0-py3-none-any.whl.metadata (34 kB)
Collecting jsonref<2.0.0,>=1.1.0 (from docling-core<3.0.0,>=2.23.0->docling-parse)
  Using cached jsonref-1.1.0-py3-none-any.whl.metadata (2.7 kB)
Collecting jsonschema<5.0.0,>=4.16.0 (from docling-core<3.0.0,>=2.23.0->docling-parse)
  Using cached jsonschema-4.24.0-py3-none-any.whl.metadata (7.8 kB)
Collecting latex2mathml<4.0.0,>=3.77.0 (from docling-core<3.0.0,>=2.23.0->docling-parse)
  Using cached latex2mathml-3.78.0-py3-none-any.whl.metadata (14 kB)
Collecting pandas<3.0.0,>=2.1.4 (from docling-core<3.0.0,>=2.23.0->docling-parse)
  Using cached pandas-2.2.3-cp310-cp310-win_amd64.whl.metadata (19 kB)
Collecting pyyaml<7.0.0,>=5.1 (from docling-core<3.0.0,>=2.23.0->docling-parse)
  Using cached PyYAML-6.0.2-cp310-cp310-win_amd64.whl.metadata (2.1 kB)
Collecting typer<0.16.0,>=0.12.5 (from docling-core<3.0.0,>=2.23.0->docling-parse)
  Using cached typer-0.15.4-py3-none-any.whl.metadata (15 kB)
Collecting typing-extensions<5.0.0,>=4.12.2 (from docling-core<3.0.0,>=2.23.0->docling-parse)
  Using cached typing_extensions-4.13.2-py3-none-any.whl.metadata (3.0 kB)
Collecting attrs>=22.2.0 (from jsonschema<5.0.0,>=4.16.0->docling-core<3.0.0,>=2.23.0->docling-parse)
  Using cached attrs-25.3.0-py3-none-any.whl.metadata (10 kB)
Collecting jsonschema-specifications>=2023.03.6 (from jsonschema<5.0.0,>=4.16.0->docling-core<3.0.0,>=2.23.0->docling-parse)
  Using cached jsonschema_specifications-2025.4.1-py3-none-any.whl.metadata (2.9 kB)
Collecting referencing>=0.28.4 (from jsonschema<5.0.0,>=4.16.0->docling-core<3.0.0,>=2.23.0->docling-parse)
  Using cached referencing-0.36.2-py3-none-any.whl.metadata (2.8 kB)
Collecting rpds-py>=0.7.1 (from jsonschema<5.0.0,>=4.16.0->docling-core<3.0.0,>=2.23.0->docling-parse)
  Using cached rpds_py-0.25.1-cp310-cp310-win_amd64.whl.metadata (4.2 kB)
Collecting numpy>=1.22.4 (from pandas<3.0.0,>=2.1.4->docling-core<3.0.0,>=2.23.0->docling-parse)
  Using cached numpy-2.2.6-cp310-cp310-win_amd64.whl.metadata (60 kB)
Collecting python-dateutil>=2.8.2 (from pandas<3.0.0,>=2.1.4->docling-core<3.0.0,>=2.23.0->docling-parse)
  Using cached python_dateutil-2.9.0.post0-py2.py3-none-any.whl.metadata (8.4 kB)
Collecting pytz>=2020.1 (from pandas<3.0.0,>=2.1.4->docling-core<3.0.0,>=2.23.0->docling-parse)
  Using cached pytz-2025.2-py2.py3-none-any.whl.metadata (22 kB)
Collecting tzdata>=2022.7 (from pandas<3.0.0,>=2.1.4->docling-core<3.0.0,>=2.23.0->docling-parse)
  Using cached tzdata-2025.2-py2.py3-none-any.whl.metadata (1.4 kB)
Collecting annotated-types>=0.6.0 (from pydantic<3.0.0,>=2.0.0->docling-parse)
  Using cached annotated_types-0.7.0-py3-none-any.whl.metadata (15 kB)
Collecting pydantic-core==2.33.2 (from pydantic<3.0.0,>=2.0.0->docling-parse)
  Using cached pydantic_core-2.33.2-cp310-cp310-win_amd64.whl.metadata (6.9 kB)
Collecting typing-inspection>=0.4.0 (from pydantic<3.0.0,>=2.0.0->docling-parse)
  Using cached typing_inspection-0.4.1-py3-none-any.whl.metadata (2.6 kB)
Collecting click<8.2,>=8.0.0 (from typer<0.16.0,>=0.12.5->docling-core<3.0.0,>=2.23.0->docling-parse)
  Using cached click-8.1.8-py3-none-any.whl.metadata (2.3 kB)
Collecting shellingham>=1.3.0 (from typer<0.16.0,>=0.12.5->docling-core<3.0.0,>=2.23.0->docling-parse)
  Using cached shellingham-1.5.4-py2.py3-none-any.whl.metadata (3.5 kB)
Collecting rich>=10.11.0 (from typer<0.16.0,>=0.12.5->docling-core<3.0.0,>=2.23.0->docling-parse)
  Using cached rich-14.0.0-py3-none-any.whl.metadata (18 kB)
Collecting colorama (from click<8.2,>=8.0.0->typer<0.16.0,>=0.12.5->docling-core<3.0.0,>=2.23.0->docling-parse)
  Using cached colorama-0.4.6-py2.py3-none-any.whl.metadata (17 kB)
Collecting six>=1.5 (from python-dateutil>=2.8.2->pandas<3.0.0,>=2.1.4->docling-core<3.0.0,>=2.23.0->docling-parse)
  Using cached six-1.17.0-py2.py3-none-any.whl.metadata (1.7 kB)
Collecting markdown-it-py>=2.2.0 (from rich>=10.11.0->typer<0.16.0,>=0.12.5->docling-core<3.0.0,>=2.23.0->docling-parse)
  Using cached markdown_it_py-3.0.0-py3-none-any.whl.metadata (6.9 kB)
Collecting pygments<3.0.0,>=2.13.0 (from rich>=10.11.0->typer<0.16.0,>=0.12.5->docling-core<3.0.0,>=2.23.0->docling-parse)
  Using cached pygments-2.19.1-py3-none-any.whl.metadata (2.5 kB)
Collecting mdurl~=0.1 (from markdown-it-py>=2.2.0->rich>=10.11.0->typer<0.16.0,>=0.12.5->docling-core<3.0.0,>=2.23.0->docling-parse)
  Using cached mdurl-0.1.2-py3-none-any.whl.metadata (1.6 kB)
Using cached docling_core-2.32.0-py3-none-any.whl (143 kB)
Using cached jsonref-1.1.0-py3-none-any.whl (9.4 kB)
Using cached jsonschema-4.24.0-py3-none-any.whl (88 kB)
Using cached latex2mathml-3.78.0-py3-none-any.whl (73 kB)
Using cached pandas-2.2.3-cp310-cp310-win_amd64.whl (11.6 MB)
Using cached pillow-11.2.1-cp310-cp310-win_amd64.whl (2.7 MB)
Using cached pydantic-2.11.5-py3-none-any.whl (444 kB)
Using cached pydantic_core-2.33.2-cp310-cp310-win_amd64.whl (2.0 MB)
Using cached PyYAML-6.0.2-cp310-cp310-win_amd64.whl (161 kB)
Using cached tabulate-0.9.0-py3-none-any.whl (35 kB)
Using cached typer-0.15.4-py3-none-any.whl (45 kB)
Using cached click-8.1.8-py3-none-any.whl (98 kB)
Using cached typing_extensions-4.13.2-py3-none-any.whl (45 kB)
Using cached annotated_types-0.7.0-py3-none-any.whl (13 kB)
Using cached attrs-25.3.0-py3-none-any.whl (63 kB)
Using cached jsonschema_specifications-2025.4.1-py3-none-any.whl (18 kB)
Using cached numpy-2.2.6-cp310-cp310-win_amd64.whl (12.9 MB)
Using cached python_dateutil-2.9.0.post0-py2.py3-none-any.whl (229 kB)
Using cached pytz-2025.2-py2.py3-none-any.whl (509 kB)
Using cached pywin32-310-cp310-cp310-win_amd64.whl (9.6 MB)
Using cached referencing-0.36.2-py3-none-any.whl (26 kB)
Using cached rich-14.0.0-py3-none-any.whl (243 kB)
Using cached pygments-2.19.1-py3-none-any.whl (1.2 MB)
Using cached markdown_it_py-3.0.0-py3-none-any.whl (87 kB)
Using cached mdurl-0.1.2-py3-none-any.whl (10.0 kB)
Using cached rpds_py-0.25.1-cp310-cp310-win_amd64.whl (231 kB)
Using cached shellingham-1.5.4-py2.py3-none-any.whl (9.8 kB)
Using cached six-1.17.0-py2.py3-none-any.whl (11 kB)
Using cached typing_inspection-0.4.1-py3-none-any.whl (14 kB)
Using cached tzdata-2025.2-py2.py3-none-any.whl (347 kB)
Using cached colorama-0.4.6-py2.py3-none-any.whl (25 kB)
Building wheels for collected packages: docling-parse
  Building wheel for docling-parse (pyproject.toml): started
  Building wheel for docling-parse (pyproject.toml): finished with status 'error'
Failed to build docling-parse
[INFO] Verificando verses instaladas...
[INFO] Executando converte.py...
[INFO] Processo concludo com sucesso.
**********************
PowerShell transcript end
End time: 20250527130016
**********************
